<?xml version="1.0" encoding="UTF-8"?>
<!-- Generated by org.testng.reporters.JUnitReportReporter -->
<testsuite hostname="LAPTOP-HR175218" failures="0" tests="3" name="testNgPractice.DemonstrationOfDependsOnMethods" time="0.021" errors="0" timestamp="2023-11-09T09:22:06 IST" skipped="0">
  <testcase classname="testNgPractice.DemonstrationOfDependsOnMethods" name="logout" time="0.002"/>
  <system-out/>
  <testcase classname="testNgPractice.DemonstrationOfDependsOnMethods" name="login" time="0.013"/>
  <system-out/>
  <testcase classname="testNgPractice.DemonstrationOfDependsOnMethods" name="home" time="0.006"/>
  <system-out/>
</testsuite> <!-- testNgPractice.DemonstrationOfDependsOnMethods -->
