<?xml version="1.0" encoding="UTF-8"?>
<!-- Generated by org.testng.reporters.JUnitReportReporter -->
<testsuite hostname="LAPTOP-HR175218" failures="0" tests="1" name="TestNgExecution.TC_4" time="12.331" errors="0" timestamp="2023-11-10T09:55:10 IST" skipped="0">
  <testcase classname="TestNgExecution.TC_4" name="navigatingToMyntra" time="12.331"/>
  <system-out/>
</testsuite> <!-- TestNgExecution.TC_4 -->
