<?xml version="1.0" encoding="UTF-8"?>
<!-- Generated by org.testng.reporters.JUnitReportReporter -->
<testsuite hostname="LAPTOP-HR175218" failures="0" tests="1" name="testNgPractice.DemoForParameter" time="0.011" errors="0" timestamp="2023-11-10T10:25:57 IST" skipped="0">
  <testcase classname="testNgPractice.DemoForParameter" name="demo" time="0.011"/>
  <system-out/>
</testsuite> <!-- testNgPractice.DemoForParameter -->
