<?xml version="1.0" encoding="UTF-8"?>
<!-- Generated by org.testng.reporters.JUnitReportReporter -->
<testsuite hostname="LAPTOP-HR175218" failures="0" tests="5" name="testNgPractice.DemonstrationForInvocationCountAndThreadPoolSize" time="29.282" errors="0" timestamp="2023-11-09T09:38:48 IST" skipped="0">
  <testcase classname="testNgPractice.DemonstrationForInvocationCountAndThreadPoolSize" name="login" time="4.256"/>
  <system-out/>
  <testcase classname="testNgPractice.DemonstrationForInvocationCountAndThreadPoolSize" name="login" time="4.313"/>
  <system-out/>
  <testcase classname="testNgPractice.DemonstrationForInvocationCountAndThreadPoolSize" name="login" time="6.912"/>
  <system-out/>
  <testcase classname="testNgPractice.DemonstrationForInvocationCountAndThreadPoolSize" name="login" time="6.889"/>
  <system-out/>
  <testcase classname="testNgPractice.DemonstrationForInvocationCountAndThreadPoolSize" name="login" time="6.912"/>
  <system-out/>
</testsuite> <!-- testNgPractice.DemonstrationForInvocationCountAndThreadPoolSize -->
