<?xml version="1.0" encoding="UTF-8"?>
<!-- Generated by org.testng.reporters.JUnitReportReporter -->
<testsuite hostname="LAPTOP-HR175218" failures="0" tests="1" name="testNgPractice.GeneratingReports" time="6.198" errors="0" timestamp="2023-11-11T10:15:50 IST" skipped="0">
  <testcase classname="testNgPractice.GeneratingReports" name="testCase" time="6.198"/>
  <system-out>
    <![CDATA[browser is launched
window is maximized
navigated to application
browser is closed]]>
  </system-out>
</testsuite> <!-- testNgPractice.GeneratingReports -->
