<?xml version="1.0" encoding="UTF-8"?>
<!-- Generated by org.testng.reporters.JUnitReportReporter -->
<testsuite hostname="LAPTOP-HR175218" failures="0" tests="3" name="testNgPractice.DemonstrationForPriority" time="0.023" errors="0" timestamp="2023-11-09T19:08:03 IST" skipped="0">
  <testcase classname="testNgPractice.DemonstrationForPriority" name="home" time="0.016"/>
  <system-out/>
  <testcase classname="testNgPractice.DemonstrationForPriority" name="login" time="0.002"/>
  <system-out/>
  <testcase classname="testNgPractice.DemonstrationForPriority" name="logout" time="0.005"/>
  <system-out/>
</testsuite> <!-- testNgPractice.DemonstrationForPriority -->
