<?xml version="1.0" encoding="UTF-8"?>
<!-- Generated by org.testng.reporters.JUnitReportReporter -->
<testsuite hostname="LAPTOP-HR175218" failures="0" tests="1" name="testNgPractice.CrossBrowserExecution" time="0.009" errors="0" timestamp="2023-11-10T11:20:34 IST" skipped="0">
  <testcase classname="testNgPractice.CrossBrowserExecution" name="TC_001" time="0.009"/>
  <system-out/>
</testsuite> <!-- testNgPractice.CrossBrowserExecution -->
