<?xml version="1.0" encoding="UTF-8"?>
<!-- Generated by org.testng.reporters.JUnitReportReporter -->
<testsuite hostname="LAPTOP-HR175218" failures="0" tests="2" name="testNgPractice.ConfigurationAnnotations" time="0.016" errors="0" timestamp="2023-11-11T10:22:42 IST" skipped="0">
  <testcase classname="testNgPractice.ConfigurationAnnotations" name="Suite" time="0.010"/>
  <system-out/>
  <testcase classname="testNgPractice.ConfigurationAnnotations" name="method" time="0.006"/>
  <system-out/>
</testsuite> <!-- testNgPractice.ConfigurationAnnotations -->
