<?xml version="1.0" encoding="UTF-8"?>
<!-- Generated by org.testng.reporters.JUnitReportReporter -->
<testsuite hostname="LAPTOP-HR175218" failures="0" tests="5" name="testNgPractice.DemonstrationForInvocationCount" time="0.034" errors="0" timestamp="2023-11-09T09:28:47 IST" skipped="0">
  <testcase classname="testNgPractice.DemonstrationForInvocationCount" name="login" time="0.007"/>
  <system-out/>
  <testcase classname="testNgPractice.DemonstrationForInvocationCount" name="login" time="0.009"/>
  <system-out/>
  <testcase classname="testNgPractice.DemonstrationForInvocationCount" name="login" time="0.006"/>
  <system-out/>
  <testcase classname="testNgPractice.DemonstrationForInvocationCount" name="login" time="0.007"/>
  <system-out/>
  <testcase classname="testNgPractice.DemonstrationForInvocationCount" name="login" time="0.005"/>
  <system-out/>
</testsuite> <!-- testNgPractice.DemonstrationForInvocationCount -->
